This is pdfTeX, Version 3.141592653-2.6-1.40.27 (TeX Live 2025) (preloaded format=pdflatex 2025.4.17)  21 APR 2025 11:35
entering extended mode
 restricted \write18 enabled.
 file:line:error style messages enabled.
 %&-line parsing enabled.
**/Users/kptv575/Documents/Cranfield/GROUP/Latex/TechDoc/TechDoc.tex
(/Users/kptv575/Documents/Cranfield/GROUP/Latex/TechDoc/TechDoc.tex
LaTeX2e <2024-11-01> patch level 2
L3 programming layer <2025-03-26>
(/Users/kptv575/Library/TinyTeX/texmf-dist/tex/latex/base/article.cls
Document Class: article 2024/06/29 v1.4n Standard LaTeX document class
(/Users/kptv575/Library/TinyTeX/texmf-dist/tex/latex/base/size12.clo
File: size12.clo 2024/06/29 v1.4n Standard LaTeX file (size option)
)
\c@part=\count197
\c@section=\count198
\c@subsection=\count199
\c@subsubsection=\count266
\c@paragraph=\count267
\c@subparagraph=\count268
\c@figure=\count269
\c@table=\count270
\abovecaptionskip=\skip49
\belowcaptionskip=\skip50
\bibindent=\dimen146
) (/Users/kptv575/Library/TinyTeX/texmf-dist/tex/latex/base/inputenc.sty
Package: inputenc 2024/02/08 v1.3d Input encoding file
\inpenc@prehook=\toks17
\inpenc@posthook=\toks18
) (/Users/kptv575/Library/TinyTeX/texmf-dist/tex/latex/graphics/graphicx.sty
Package: graphicx 2021/09/16 v1.2d Enhanced LaTeX Graphics (DPC,SPQR)
 (/Users/kptv575/Library/TinyTeX/texmf-dist/tex/latex/graphics/keyval.sty
Package: keyval 2022/05/29 v1.15 key=value parser (DPC)
\KV@toks@=\toks19
) (/Users/kptv575/Library/TinyTeX/texmf-dist/tex/latex/graphics/graphics.sty
Package: graphics 2024/08/06 v1.4g Standard LaTeX Graphics (DPC,SPQR)
 (/Users/kptv575/Library/TinyTeX/texmf-dist/tex/latex/graphics/trig.sty
Package: trig 2023/12/02 v1.11 sin cos tan (DPC)
) (/Users/kptv575/Library/TinyTeX/texmf-dist/tex/latex/graphics-cfg/graphics.cfg
File: graphics.cfg 2016/06/04 v1.11 sample graphics configuration
)
Package graphics Info: Driver file: pdftex.def on input line 106.
 (/Users/kptv575/Library/TinyTeX/texmf-dist/tex/latex/graphics-def/pdftex.def
File: pdftex.def 2024/04/13 v1.2c Graphics/color driver for pdftex
))
\Gin@req@height=\dimen147
\Gin@req@width=\dimen148
) (/Users/kptv575/Library/TinyTeX/texmf-dist/tex/latex/hyperref/hyperref.sty
Package: hyperref 2024-11-05 v7.01l Hypertext links for LaTeX
 (/Users/kptv575/Library/TinyTeX/texmf-dist/tex/generic/iftex/iftex.sty
Package: iftex 2024/12/12 v1.0g TeX engine tests
) (/Users/kptv575/Library/TinyTeX/texmf-dist/tex/latex/kvsetkeys/kvsetkeys.sty
Package: kvsetkeys 2022-10-05 v1.19 Key value parser (HO)
) (/Users/kptv575/Library/TinyTeX/texmf-dist/tex/generic/kvdefinekeys/kvdefinekeys.sty
Package: kvdefinekeys 2019-12-19 v1.6 Define keys (HO)
) (/Users/kptv575/Library/TinyTeX/texmf-dist/tex/generic/pdfescape/pdfescape.sty
Package: pdfescape 2019/12/09 v1.15 Implements pdfTeX's escape features (HO)
 (/Users/kptv575/Library/TinyTeX/texmf-dist/tex/generic/ltxcmds/ltxcmds.sty
Package: ltxcmds 2023-12-04 v1.26 LaTeX kernel commands for general use (HO)
) (/Users/kptv575/Library/TinyTeX/texmf-dist/tex/generic/pdftexcmds/pdftexcmds.sty
Package: pdftexcmds 2020-06-27 v0.33 Utility functions of pdfTeX for LuaTeX (HO)
 (/Users/kptv575/Library/TinyTeX/texmf-dist/tex/generic/infwarerr/infwarerr.sty
Package: infwarerr 2019/12/03 v1.5 Providing info/warning/error messages (HO)
)
Package pdftexcmds Info: \pdf@primitive is available.
Package pdftexcmds Info: \pdf@ifprimitive is available.
Package pdftexcmds Info: \pdfdraftmode found.
)) (/Users/kptv575/Library/TinyTeX/texmf-dist/tex/latex/hycolor/hycolor.sty
Package: hycolor 2020-01-27 v1.10 Color options for hyperref/bookmark (HO)
) (/Users/kptv575/Library/TinyTeX/texmf-dist/tex/latex/hyperref/nameref.sty
Package: nameref 2023-11-26 v2.56 Cross-referencing by name of section
 (/Users/kptv575/Library/TinyTeX/texmf-dist/tex/latex/refcount/refcount.sty
Package: refcount 2019/12/15 v3.6 Data extraction from label references (HO)
) (/Users/kptv575/Library/TinyTeX/texmf-dist/tex/generic/gettitlestring/gettitlestring.sty
Package: gettitlestring 2019/12/15 v1.6 Cleanup title references (HO)
 (/Users/kptv575/Library/TinyTeX/texmf-dist/tex/latex/kvoptions/kvoptions.sty
Package: kvoptions 2022-06-15 v3.15 Key value format for package options (HO)
))
\c@section@level=\count271
) (/Users/kptv575/Library/TinyTeX/texmf-dist/tex/latex/etoolbox/etoolbox.sty
Package: etoolbox 2025/02/11 v2.5l e-TeX tools for LaTeX (JAW)
\etb@tempcnta=\count272
) (/Users/kptv575/Library/TinyTeX/texmf-dist/tex/generic/stringenc/stringenc.sty
Package: stringenc 2019/11/29 v1.12 Convert strings between diff. encodings (HO)
)
\@linkdim=\dimen149
\Hy@linkcounter=\count273
\Hy@pagecounter=\count274
 (/Users/kptv575/Library/TinyTeX/texmf-dist/tex/latex/hyperref/pd1enc.def
File: pd1enc.def 2024-11-05 v7.01l Hyperref: PDFDocEncoding definition (HO)
Now handling font encoding PD1 ...
... no UTF-8 mapping file for font encoding PD1
) (/Users/kptv575/Library/TinyTeX/texmf-dist/tex/generic/intcalc/intcalc.sty
Package: intcalc 2019/12/15 v1.3 Expandable calculations with integers (HO)
)
\Hy@SavedSpaceFactor=\count275
 (/Users/kptv575/Library/TinyTeX/texmf-dist/tex/latex/hyperref/puenc.def
File: puenc.def 2024-11-05 v7.01l Hyperref: PDF Unicode definition (HO)
Now handling font encoding PU ...
... no UTF-8 mapping file for font encoding PU
)
Package hyperref Info: Hyper figures OFF on input line 4157.
Package hyperref Info: Link nesting OFF on input line 4162.
Package hyperref Info: Hyper index ON on input line 4165.
Package hyperref Info: Plain pages OFF on input line 4172.
Package hyperref Info: Backreferencing OFF on input line 4177.
Package hyperref Info: Implicit mode ON; LaTeX internals redefined.
Package hyperref Info: Bookmarks ON on input line 4424.
\c@Hy@tempcnt=\count276
 (/Users/kptv575/Library/TinyTeX/texmf-dist/tex/latex/url/url.sty
\Urlmuskip=\muskip17
Package: url 2013/09/16  ver 3.4  Verb mode for urls, etc.
)
LaTeX Info: Redefining \url on input line 4763.
\XeTeXLinkMargin=\dimen150
 (/Users/kptv575/Library/TinyTeX/texmf-dist/tex/generic/bitset/bitset.sty
Package: bitset 2019/12/09 v1.3 Handle bit-vector datatype (HO)
 (/Users/kptv575/Library/TinyTeX/texmf-dist/tex/generic/bigintcalc/bigintcalc.sty
Package: bigintcalc 2019/12/15 v1.5 Expandable calculations on big integers (HO)
))
\Fld@menulength=\count277
\Field@Width=\dimen151
\Fld@charsize=\dimen152
Package hyperref Info: Hyper figures OFF on input line 6042.
Package hyperref Info: Link nesting OFF on input line 6047.
Package hyperref Info: Hyper index ON on input line 6050.
Package hyperref Info: backreferencing OFF on input line 6057.
Package hyperref Info: Link coloring OFF on input line 6062.
Package hyperref Info: Link coloring with OCG OFF on input line 6067.
Package hyperref Info: PDF/A mode OFF on input line 6072.
 (/Users/kptv575/Library/TinyTeX/texmf-dist/tex/latex/base/atbegshi-ltx.sty
Package: atbegshi-ltx 2021/01/10 v1.0c Emulation of the original atbegshi
package with kernel methods
)
\Hy@abspage=\count278
\c@Item=\count279
\c@Hfootnote=\count280
)
Package hyperref Info: Driver (autodetected): hpdftex.
 (/Users/kptv575/Library/TinyTeX/texmf-dist/tex/latex/hyperref/hpdftex.def
File: hpdftex.def 2024-11-05 v7.01l Hyperref driver for pdfTeX
 (/Users/kptv575/Library/TinyTeX/texmf-dist/tex/latex/base/atveryend-ltx.sty
Package: atveryend-ltx 2020/08/19 v1.0a Emulation of the original atveryend package
with kernel methods
)
\Fld@listcount=\count281
\c@bookmark@seq@number=\count282
 (/Users/kptv575/Library/TinyTeX/texmf-dist/tex/latex/rerunfilecheck/rerunfilecheck.sty
Package: rerunfilecheck 2022-07-10 v1.10 Rerun checks for auxiliary files (HO)
 (/Users/kptv575/Library/TinyTeX/texmf-dist/tex/generic/uniquecounter/uniquecounter.sty
Package: uniquecounter 2019/12/15 v1.4 Provide unlimited unique counter (HO)
)
Package uniquecounter Info: New unique counter `rerunfilecheck' on input line 285.
)
\Hy@SectionHShift=\skip51
) (/Users/kptv575/Library/TinyTeX/texmf-dist/tex/latex/xcolor/xcolor.sty
Package: xcolor 2024/09/29 v3.02 LaTeX color extensions (UK)
 (/Users/kptv575/Library/TinyTeX/texmf-dist/tex/latex/graphics-cfg/color.cfg
File: color.cfg 2016/01/02 v1.6 sample color configuration
)
Package xcolor Info: Driver file: pdftex.def on input line 274.
 (/Users/kptv575/Library/TinyTeX/texmf-dist/tex/latex/graphics/mathcolor.ltx)
Package xcolor Info: Model `cmy' substituted by `cmy0' on input line 1349.
Package xcolor Info: Model `hsb' substituted by `rgb' on input line 1353.
Package xcolor Info: Model `RGB' extended on input line 1365.
Package xcolor Info: Model `HTML' substituted by `rgb' on input line 1367.
Package xcolor Info: Model `Hsb' substituted by `hsb' on input line 1368.
Package xcolor Info: Model `tHsb' substituted by `hsb' on input line 1369.
Package xcolor Info: Model `HSB' substituted by `hsb' on input line 1370.
Package xcolor Info: Model `Gray' substituted by `gray' on input line 1371.
Package xcolor Info: Model `wave' substituted by `hsb' on input line 1372.
) (/Users/kptv575/Library/TinyTeX/texmf-dist/tex/generic/soul/soul.sty
Package: soul 2023-06-14 v3.1 Permit use of UTF-8 characters in soul (HO)
 (/Users/kptv575/Library/TinyTeX/texmf-dist/tex/generic/soul/soul-ori.sty
Package: soul-ori 2023-06-14 v3.1 letterspacing/underlining (mf)
\SOUL@word=\toks20
\SOUL@lasttoken=\toks21
\SOUL@syllable=\toks22
\SOUL@cmds=\toks23
\SOUL@buffer=\toks24
\SOUL@token=\toks25
\SOUL@syllgoal=\dimen153
\SOUL@syllwidth=\dimen154
\SOUL@charkern=\dimen155
\SOUL@hyphkern=\dimen156
\SOUL@dimen=\dimen157
\SOUL@dimeni=\dimen158
\SOUL@minus=\count283
\SOUL@comma=\count284
\SOUL@apo=\count285
\SOUL@grave=\count286
\SOUL@spaceskip=\skip52
\SOUL@ttwidth=\dimen159
\SOUL@uldp=\dimen160
\SOUL@ulht=\dimen161
) (/Users/kptv575/Library/TinyTeX/texmf-dist/tex/generic/etexcmds/etexcmds.sty
Package: etexcmds 2019/12/15 v1.7 Avoid name clashes with e-TeX commands (HO)
)) (/Users/kptv575/Library/TinyTeX/texmf-dist/tex/latex/geometry/geometry.sty
Package: geometry 2020/01/02 v5.9 Page Geometry
 (/Users/kptv575/Library/TinyTeX/texmf-dist/tex/generic/iftex/ifvtex.sty
Package: ifvtex 2019/10/25 v1.7 ifvtex legacy package. Use iftex instead.
)
\Gm@cnth=\count287
\Gm@cntv=\count288
\c@Gm@tempcnt=\count289
\Gm@bindingoffset=\dimen162
\Gm@wd@mp=\dimen163
\Gm@odd@mp=\dimen164
\Gm@even@mp=\dimen165
\Gm@layoutwidth=\dimen166
\Gm@layoutheight=\dimen167
\Gm@layouthoffset=\dimen168
\Gm@layoutvoffset=\dimen169
\Gm@dimlist=\toks26
) (/Users/kptv575/Library/TinyTeX/texmf-dist/tex/latex/l3backend/l3backend-pdftex.def
File: l3backend-pdftex.def 2025-03-14 L3 backend support: PDF output (pdfTeX)
\l__color_backend_stack_int=\count290
) (./TechDoc.aux)
\openout1 = `TechDoc.aux'.

LaTeX Font Info:    Checking defaults for OML/cmm/m/it on input line 21.
LaTeX Font Info:    ... okay on input line 21.
LaTeX Font Info:    Checking defaults for OMS/cmsy/m/n on input line 21.
LaTeX Font Info:    ... okay on input line 21.
LaTeX Font Info:    Checking defaults for OT1/cmr/m/n on input line 21.
LaTeX Font Info:    ... okay on input line 21.
LaTeX Font Info:    Checking defaults for T1/cmr/m/n on input line 21.
LaTeX Font Info:    ... okay on input line 21.
LaTeX Font Info:    Checking defaults for TS1/cmr/m/n on input line 21.
LaTeX Font Info:    ... okay on input line 21.
LaTeX Font Info:    Checking defaults for OMX/cmex/m/n on input line 21.
LaTeX Font Info:    ... okay on input line 21.
LaTeX Font Info:    Checking defaults for U/cmr/m/n on input line 21.
LaTeX Font Info:    ... okay on input line 21.
LaTeX Font Info:    Checking defaults for PD1/pdf/m/n on input line 21.
LaTeX Font Info:    ... okay on input line 21.
LaTeX Font Info:    Checking defaults for PU/pdf/m/n on input line 21.
LaTeX Font Info:    ... okay on input line 21.
 (/Users/kptv575/Library/TinyTeX/texmf-dist/tex/latex/epstopdf-pkg/epstopdf-base.sty
Package: epstopdf-base 2020-01-24 v2.11 Base part for package epstopdf
Package epstopdf-base Info: Redefining graphics rule for `.eps' on input line 485.
 (/Users/kptv575/Library/TinyTeX/texmf-dist/tex/latex/latexconfig/epstopdf-sys.cfg
File: epstopdf-sys.cfg 2010/07/13 v1.3 Configuration of (r)epstopdf for TeX Live
))
Package hyperref Info: Link coloring OFF on input line 21.
 (./TechDoc.out) (./TechDoc.out)
\@outlinefile=\write3
\openout3 = `TechDoc.out'.


*geometry* driver: auto-detecting
*geometry* detected driver: pdftex
*geometry* verbose mode - [ preamble ] result:
* driver: pdftex
* paper: a4paper
* layout: <same size as paper>
* layoutoffset:(h,v)=(0.0pt,0.0pt)
* modes: 
* h-part:(L,W,R)=(85.35826pt, 426.79134pt, 85.35828pt)
* v-part:(T,H,B)=(71.13188pt, 702.78308pt, 71.13188pt)
* \paperwidth=597.50787pt
* \paperheight=845.04684pt
* \textwidth=426.79134pt
* \textheight=702.78308pt
* \oddsidemargin=13.08827pt
* \evensidemargin=13.08827pt
* \topmargin=-38.1381pt
* \headheight=12.0pt
* \headsep=25.0pt
* \topskip=12.0pt
* \footskip=30.0pt
* \marginparwidth=44.0pt
* \marginparsep=10.0pt
* \columnsep=10.0pt
* \skip\footins=10.8pt plus 4.0pt minus 2.0pt
* \hoffset=0.0pt
* \voffset=0.0pt
* \mag=1000
* \@twocolumnfalse
* \@twosidefalse
* \@mparswitchfalse
* \@reversemarginfalse
* (1in=72.27pt=25.4mm, 1cm=28.453pt)

<Cran.jpg, id=237, 271.0125pt x 252.945pt>
File: Cran.jpg Graphic file (type jpg)
<use Cran.jpg>
Package pdftex.def Info: Cran.jpg  used on input line 25.
(pdftex.def)             Requested size: 85.35698pt x 71.13287pt.
<TB.jpg, id=238, 897.3525pt x 110.4125pt>
File: TB.jpg Graphic file (type jpg)
<use TB.jpg>
Package pdftex.def Info: TB.jpg  used on input line 25.
(pdftex.def)             Requested size: 199.1571pt x 28.45216pt.
LaTeX Font Info:    External font `cmex10' loaded for size
(Font)              <14.4> on input line 25.
LaTeX Font Info:    External font `cmex10' loaded for size
(Font)              <7> on input line 25.

Overfull \hbox (14.22498pt too wide) in paragraph at lines 25--25
 [][] 
 []



[1

{/Users/kptv575/Library/TinyTeX/texmf-var/fonts/map/pdftex/updmap/pdftex.map} <./Cran.jpg> <./TB.jpg>]
Underfull \hbox (badness 1565) in paragraph at lines 48--49
[]\OT1/cmr/m/n/12 Jbrowse win-dow (JB) lay-out - shows only se-quence tracks and ruler
 []


Underfull \hbox (badness 2165) in paragraph at lines 75--76
 []\OT1/cmr/bx/n/12 View State[] \OT1/cmr/m/n/12 The [][]\OT1/cmtt/m/n/12 JBrowseLinearGenomeView []\OT1/cmr/m/n/12 com-po-nent is im-ported from
 []



[2]
Underfull \hbox (badness 7012) in paragraph at lines 77--78
[]\OT1/cmr/m/n/12 The func-tion [][]\OT1/cmtt/m/n/12 JbrowserWrapper []\OT1/cmr/m/n/12 takes as ar-gu-ments the props from
 []



[3]
LaTeX Font Info:    External font `cmex10' loaded for size
(Font)              <12> on input line 109.
LaTeX Font Info:    External font `cmex10' loaded for size
(Font)              <8> on input line 109.
LaTeX Font Info:    External font `cmex10' loaded for size
(Font)              <6> on input line 109.

Underfull \hbox (badness 4886) in paragraph at lines 115--116
[]\OT1/cmr/m/n/12 Additionally, the de-fault chro-mo-some that is pre-selected when Ter-
 []


Underfull \hbox (badness 1314) in paragraph at lines 115--116
\OT1/cmr/m/n/12 sect Browser ini-tially loads is passed to [][]\OT1/cmtt/m/n/12 JbrowseWrapper []\OT1/cmr/m/n/12 and used to de-
 []


Underfull \hbox (badness 2970) in paragraph at lines 115--116
\OT1/cmr/m/n/12 fine the de-fault [][]\OT1/cmtt/m/n/12 viewState[]\OT1/cmr/m/n/12 . In-side [][]\OT1/cmtt/m/n/12 tersect-browser.component.ts[]\OT1/cmr/m/n/12 , the
 []


Underfull \hbox (badness 4467) in paragraph at lines 115--116
\OT1/cmr/m/n/12 vari-able [][]\OT1/cmtt/m/n/12 preselectedChromosome []\OT1/cmr/m/n/12 is de-fined. On ini-tial-iz-ing, when the
 []


Underfull \hbox (badness 2671) in paragraph at lines 115--116
[][]\OT1/cmtt/m/n/12 settings []\OT1/cmr/m/n/12 ob-server sub-scribes to the [][]\OT1/cmtt/m/n/12 tersectBackendService[]\OT1/cmr/m/n/12 , the cur-rent
 []


Underfull \hbox (badness 7704) in paragraph at lines 119--121
\OT1/cmr/m/n/12 the sub-scrip-tion [][]\OT1/cmtt/m/n/12 selectedIntervalSub []\OT1/cmr/m/n/12 lis-tens to the [][]\OT1/cmtt/m/n/12 interval []\OT1/cmr/m/n/12 ob-serv-
 []


Underfull \hbox (badness 2626) in paragraph at lines 119--121
\OT1/cmr/m/n/12 able and as-signs the lat-est value to the ar-ray [][]\OT1/cmtt/m/n/12 selectedInterval[]\OT1/cmr/m/n/12 . In-
 []


Underfull \hbox (badness 1226) in paragraph at lines 119--121
\OT1/cmr/m/n/12 side [][]\OT1/cmtt/m/n/12 tersect-browser.component.html[]\OT1/cmr/m/n/12 , the [][]\OT1/cmtt/m/n/12 selectedInterval []\OT1/cmr/m/n/12 is passed to
 []


Underfull \hbox (badness 2065) in paragraph at lines 119--121
[][]\OT1/cmtt/m/n/12 JbrowseWrapper []\OT1/cmr/m/n/12 as the prop [][]\OT1/cmtt/m/n/12 selectedInterval[]\OT1/cmr/m/n/12 . In-side [][]\OT1/cmtt/m/n/12 JbrowseWrapper[]\OT1/cmr/m/n/12 ,
 []


Underfull \hbox (badness 1297) in paragraph at lines 119--121
\OT1/cmr/m/n/12 the first el-e-ment of the ar-ray is used to de-fine the start po-si-tion in the
 []



[4]
Underfull \hbox (badness 2073) in paragraph at lines 125--126
\OT1/cmr/m/n/12 fined, and the sub-scrip-tion [][]\OT1/cmtt/m/n/12 offsetCanvasSub []\OT1/cmr/m/n/12 lis-tens to the [][]\OT1/cmtt/m/n/12 offsetCanvas
 []


Underfull \hbox (badness 10000) in paragraph at lines 125--126
[]\OT1/cmr/m/n/12 ob-serv-able and as-signs the lat-est value to [][]\OT1/cmtt/m/n/12 offsetCanvas[]\OT1/cmr/m/n/12 . In-side
 []


Underfull \hbox (badness 10000) in paragraph at lines 125--126
[][]\OT1/cmtt/m/n/12 tersect-browser.component.html[]\OT1/cmr/m/n/12 , the [][]\OT1/cmtt/m/n/12 offsetCanvas []\OT1/cmr/m/n/12 is passed to
 []


Underfull \hbox (badness 1796) in paragraph at lines 125--126
[][]\OT1/cmtt/m/n/12 JbrowseWrapper []\OT1/cmr/m/n/12 as the prop [][]\OT1/cmtt/m/n/12 offsetCanvas[]\OT1/cmr/m/n/12 . In-side [][]\OT1/cmtt/m/n/12 JbrowseWrapper[]\OT1/cmr/m/n/12 , the
 []



[5]

[6]

[7]

[8]
Overfull \hbox (80.1815pt too wide) in paragraph at lines 245--251
[][] 
 []

<./image.jpg, id=300, 574.39594pt x 441.90094pt>
File: ./image.jpg Graphic file (type jpg)
<use ./image.jpg>
Package pdftex.def Info: ./image.jpg  used on input line 262.
(pdftex.def)             Requested size: 298.75262pt x 229.84375pt.


[9 <./image.jpg>]

[10] (./TechDoc.aux)
 ***********
LaTeX2e <2024-11-01> patch level 2
L3 programming layer <2025-03-26>
 ***********
Package rerunfilecheck Info: File `TechDoc.out' has not changed.
(rerunfilecheck)             Checksum: B89FC76D4FD44D1C025089564EAA5883;8253.
 ) 
Here is how much of TeX's memory you used:
 9558 strings out of 471607
 150053 string characters out of 5520537
 548549 words of memory out of 5000000
 35937 multiletter control sequences out of 15000+600000
 632812 words of font info for 60 fonts, out of 8000000 for 9000
 14 hyphenation exceptions out of 8191
 75i,14n,79p,1473b,516s stack positions out of 10000i,1000n,20000p,200000b,200000s
 </Users/kptv575/Library/TinyTeX/texmf-var/fonts/pk/ljfour/jknappen/ec/tcrm1200.600pk></Users/kptv575/Library/TinyTeX/texmf-dist/fonts/type1/public/amsfonts/cm/cmbx12.pfb></Users/kptv575/Library/TinyTeX/texmf-dist/fonts/type1/public/amsfonts/cm/cmmi12.pfb></Users/kptv575/Library/TinyTeX/texmf-dist/fonts/type1/public/amsfonts/cm/cmr12.pfb></Users/kptv575/Library/TinyTeX/texmf-dist/fonts/type1/public/amsfonts/cm/cmr17.pfb></Users/kptv575/Library/TinyTeX/texmf-dist/fonts/type1/public/amsfonts/cm/cmsy10.pfb></Users/kptv575/Library/TinyTeX/texmf-dist/fonts/type1/public/amsfonts/cm/cmtt12.pfb>
Output written on TechDoc.pdf (10 pages, 243126 bytes).
PDF statistics:
 363 PDF objects out of 1000 (max. 8388607)
 331 compressed objects within 4 object streams
 87 named destinations out of 1000 (max. 500000)
 480 words of extra memory for PDF output out of 10000 (max. 10000000)

