\BOOKMARK [1][-]{section.1}{\376\377\000O\000v\000e\000r\000v\000i\000e\000w}{}% 1
\BOOKMARK [1][-]{section.2}{\376\377\000A\000r\000c\000h\000i\000t\000e\000c\000t\000u\000r\000e}{}% 2
\BOOKMARK [1][-]{section.3}{\376\377\000D\000e\000p\000l\000o\000y\000m\000e\000n\000t}{}% 3
\BOOKMARK [2][-]{subsection.3.1}{\376\377\000S\000y\000s\000t\000e\000m\000\040\000R\000e\000q\000u\000i\000r\000e\000m\000e\000n\000t\000s}{section.3}% 4
\BOOKMARK [1][-]{section.4}{\376\377\000T\000e\000r\000s\000e\000c\000t\000B\000r\000o\000w\000s\000e\000r}{}% 5
\BOOKMARK [1][-]{section.5}{\376\377\000T\000e\000r\000s\000e\000c\000t\000B\000r\000o\000w\000s\000e\000r\000+}{}% 6
\BOOKMARK [2][-]{subsection.5.1}{\376\377\000V\000a\000r\000i\000a\000n\000t\000\040\000B\000r\000o\000w\000s\000e\000r\000\040\000E\000x\000t\000e\000n\000s\000i\000o\000n}{section.5}% 7
\BOOKMARK [3][-]{subsubsection.5.1.1}{\376\377\000R\000a\000t\000i\000o\000n\000a\000l\000e}{subsection.5.1}% 8
\BOOKMARK [3][-]{subsubsection.5.1.2}{\376\377\000U\000s\000e\000r\000\040\000I\000n\000t\000e\000r\000f\000a\000c\000e}{subsection.5.1}% 9
\BOOKMARK [3][-]{subsubsection.5.1.3}{\376\377\000T\000e\000c\000h\000n\000i\000c\000a\000l\000\040\000D\000e\000s\000c\000r\000i\000p\000t\000i\000o\000n}{subsection.5.1}% 10
\BOOKMARK [3][-]{subsubsection.5.1.4}{\376\377\000T\000e\000s\000t\000\040\000R\000e\000s\000u\000l\000t\000s}{subsection.5.1}% 11
\BOOKMARK [3][-]{subsubsection.5.1.5}{\376\377\000F\000u\000t\000u\000r\000e\000\040\000I\000m\000p\000r\000o\000v\000e\000m\000e\000n\000t\000s}{subsection.5.1}% 12
\BOOKMARK [2][-]{subsection.5.2}{\376\377\000G\000e\000n\000e\000\040\000M\000o\000d\000e\000l\000s\000\040\000E\000x\000t\000e\000n\000s\000i\000o\000n}{section.5}% 13
\BOOKMARK [3][-]{subsubsection.5.2.1}{\376\377\000R\000a\000t\000i\000o\000n\000a\000l\000e}{subsection.5.2}% 14
\BOOKMARK [3][-]{subsubsection.5.2.2}{\376\377\000U\000s\000e\000r\000\040\000I\000n\000t\000e\000r\000f\000a\000c\000e}{subsection.5.2}% 15
\BOOKMARK [3][-]{subsubsection.5.2.3}{\376\377\000T\000e\000c\000h\000n\000i\000c\000a\000l\000\040\000D\000e\000s\000c\000r\000i\000p\000t\000i\000o\000n}{subsection.5.2}% 16
\BOOKMARK [3][-]{subsubsection.5.2.4}{\376\377\000T\000e\000s\000t\000\040\000R\000e\000s\000u\000l\000t\000s}{subsection.5.2}% 17
\BOOKMARK [3][-]{subsubsection.5.2.5}{\376\377\000F\000u\000t\000u\000r\000e\000\040\000I\000m\000p\000r\000o\000v\000e\000m\000e\000n\000t\000s}{subsection.5.2}% 18
\BOOKMARK [2][-]{subsection.5.3}{\376\377\000F\000e\000a\000t\000u\000r\000e\000\040\000S\000e\000a\000r\000c\000h\000\040\000E\000x\000t\000e\000n\000s\000i\000o\000n}{section.5}% 19
\BOOKMARK [3][-]{subsubsection.5.3.1}{\376\377\000R\000a\000t\000i\000o\000n\000a\000l\000e}{subsection.5.3}% 20
\BOOKMARK [3][-]{subsubsection.5.3.2}{\376\377\000U\000s\000e\000r\000\040\000I\000n\000t\000e\000r\000f\000a\000c\000e}{subsection.5.3}% 21
\BOOKMARK [3][-]{subsubsection.5.3.3}{\376\377\000T\000e\000c\000h\000n\000i\000c\000a\000l\000\040\000D\000e\000s\000c\000r\000i\000p\000t\000i\000o\000n}{subsection.5.3}% 22
\BOOKMARK [3][-]{subsubsection.5.3.4}{\376\377\000T\000e\000s\000t\000\040\000R\000e\000s\000u\000l\000t\000s}{subsection.5.3}% 23
\BOOKMARK [3][-]{subsubsection.5.3.5}{\376\377\000F\000u\000t\000u\000r\000e\000\040\000I\000m\000p\000r\000o\000v\000e\000m\000e\000n\000t\000s}{subsection.5.3}% 24
\BOOKMARK [2][-]{subsection.5.4}{\376\377\000B\000a\000r\000c\000o\000d\000e\000\040\000G\000e\000n\000e\000r\000a\000t\000i\000o\000n\000\040\000E\000x\000t\000e\000n\000s\000i\000o\000n}{section.5}% 25
\BOOKMARK [3][-]{subsubsection.5.4.1}{\376\377\000R\000a\000t\000i\000o\000n\000a\000l\000e}{subsection.5.4}% 26
\BOOKMARK [3][-]{subsubsection.5.4.2}{\376\377\000U\000s\000e\000r\000\040\000I\000n\000t\000e\000r\000f\000a\000c\000e}{subsection.5.4}% 27
\BOOKMARK [3][-]{subsubsection.5.4.3}{\376\377\000T\000e\000c\000h\000n\000i\000c\000a\000l\000\040\000D\000e\000s\000c\000r\000i\000p\000t\000i\000o\000n}{subsection.5.4}% 28
\BOOKMARK [3][-]{subsubsection.5.4.4}{\376\377\000T\000e\000s\000t\000\040\000R\000e\000s\000u\000l\000t\000s}{subsection.5.4}% 29
\BOOKMARK [3][-]{subsubsection.5.4.5}{\376\377\000F\000u\000t\000u\000r\000e\000\040\000I\000m\000p\000r\000o\000v\000e\000m\000e\000n\000t\000s}{subsection.5.4}% 30
\BOOKMARK [2][-]{subsection.5.5}{\376\377\000A\000u\000t\000o\000m\000a\000t\000e\000d\000\040\000I\000n\000t\000r\000o\000g\000r\000e\000s\000s\000i\000o\000n\000\040\000S\000e\000a\000r\000c\000h\000\040\000E\000x\000t\000e\000n\000s\000i\000o\000n}{section.5}% 31
\BOOKMARK [3][-]{subsubsection.5.5.1}{\376\377\000R\000a\000t\000i\000o\000n\000a\000l\000e}{subsection.5.5}% 32
\BOOKMARK [3][-]{subsubsection.5.5.2}{\376\377\000U\000s\000e\000r\000\040\000I\000n\000t\000e\000r\000f\000a\000c\000e}{subsection.5.5}% 33
\BOOKMARK [3][-]{subsubsection.5.5.3}{\376\377\000T\000e\000c\000h\000n\000i\000c\000a\000l\000\040\000D\000e\000s\000c\000r\000i\000p\000t\000i\000o\000n}{subsection.5.5}% 34
\BOOKMARK [3][-]{subsubsection.5.5.4}{\376\377\000T\000e\000s\000t\000\040\000R\000e\000s\000u\000l\000t\000s}{subsection.5.5}% 35
\BOOKMARK [3][-]{subsubsection.5.5.5}{\376\377\000F\000u\000t\000u\000r\000e\000\040\000I\000m\000p\000r\000o\000v\000e\000m\000e\000n\000t\000s}{subsection.5.5}% 36
\BOOKMARK [1][-]{section.6}{\376\377\000C\000o\000n\000c\000l\000u\000s\000i\000o\000n}{}% 37
\BOOKMARK [1][-]{section.7}{\376\377\000R\000e\000f\000e\000r\000e\000n\000c\000e\000s}{}% 38
\BOOKMARK [2][-]{subsection.7.1}{\376\377\000P\000u\000r\000p\000o\000s\000e}{section.7}% 39
\BOOKMARK [2][-]{subsection.7.2}{\376\377\000S\000c\000o\000p\000e}{section.7}% 40
\BOOKMARK [2][-]{subsection.7.3}{\376\377\000O\000v\000e\000r\000v\000i\000e\000w}{section.7}% 41
\BOOKMARK [2][-]{subsection.7.4}{\376\377\000R\000e\000f\000e\000r\000e\000n\000c\000e\000\040\000M\000a\000t\000e\000r\000i\000a\000l}{section.7}% 42
\BOOKMARK [2][-]{subsection.7.5}{\376\377\000D\000e\000f\000i\000n\000i\000t\000i\000o\000n\000s\000\040\000a\000n\000d\000\040\000A\000c\000r\000o\000n\000y\000m\000s}{section.7}% 43
\BOOKMARK [1][-]{section.8}{\376\377\000S\000y\000s\000t\000e\000m\000\040\000O\000v\000e\000r\000v\000i\000e\000w}{}% 44
\BOOKMARK [1][-]{section.9}{\376\377\000S\000y\000s\000t\000e\000m\000\040\000A\000r\000c\000h\000i\000t\000e\000c\000t\000u\000r\000e}{}% 45
\BOOKMARK [2][-]{subsection.9.1}{\376\377\000A\000r\000c\000h\000i\000t\000e\000c\000t\000u\000r\000a\000l\000\040\000D\000e\000s\000i\000g\000n}{section.9}% 46
\BOOKMARK [2][-]{subsection.9.2}{\376\377\000D\000e\000c\000o\000m\000p\000o\000s\000i\000t\000i\000o\000n\000\040\000D\000e\000s\000c\000r\000i\000p\000t\000i\000o\000n}{section.9}% 47
\BOOKMARK [2][-]{subsection.9.3}{\376\377\000D\000e\000s\000i\000g\000n\000\040\000R\000a\000t\000i\000o\000n\000a\000l\000e}{section.9}% 48
\BOOKMARK [1][-]{section.10}{\376\377\000D\000a\000t\000a\000\040\000D\000e\000s\000i\000g\000n}{}% 49
\BOOKMARK [2][-]{subsection.10.1}{\376\377\000D\000a\000t\000a\000\040\000D\000e\000s\000c\000r\000i\000p\000t\000i\000o\000n}{section.10}% 50
\BOOKMARK [2][-]{subsection.10.2}{\376\377\000D\000a\000t\000a\000\040\000D\000i\000c\000t\000i\000o\000n\000a\000r\000y}{section.10}% 51
\BOOKMARK [1][-]{section.11}{\376\377\000C\000o\000m\000p\000o\000n\000e\000n\000t\000\040\000D\000e\000s\000i\000g\000n}{}% 52
\BOOKMARK [1][-]{section.12}{\376\377\000H\000u\000m\000n\000a\000n\000\040\000I\000n\000t\000e\000r\000f\000a\000c\000e\000\040\000D\000e\000s\000i\000g\000n}{}% 53
\BOOKMARK [2][-]{subsection.12.1}{\376\377\000O\000v\000e\000r\000v\000i\000e\000w\000\040\000o\000f\000\040\000U\000s\000e\000r\000\040\000I\000n\000t\000e\000r\000f\000a\000c\000e}{section.12}% 54
\BOOKMARK [2][-]{subsection.12.2}{\376\377\000S\000c\000r\000e\000e\000n\000\040\000I\000m\000a\000g\000e\000s}{section.12}% 55
\BOOKMARK [2][-]{subsection.12.3}{\376\377\000S\000c\000r\000e\000e\000n\000\040\000O\000b\000j\000e\000c\000t\000s\000\040\000a\000n\000d\000\040\000A\000c\000t\000i\000o\000n\000s}{section.12}% 56
\BOOKMARK [1][-]{section.13}{\376\377\000A\000P\000P\000E\000N\000D\000I\000C\000E\000S}{}% 57
\BOOKMARK [1][-]{section.14}{\376\377\000R\000e\000f\000e\000r\000e\000n\000c\000e\000s}{}% 58
