
[1mnpm[22m [33mwarn[39m [94mcli[39m npm v10.9.2 does not support Node.js v19.0.1. This version of npm supports the following node versions: `^18.17.0 || >=20.5.0`. You can find the latest version at https://nodejs.org/.

> tersect-browser@0.9.0 deploy
> node --trace-warnings ./dist/server.js --config tbconfig.json

[1G[0K(node:16685) Warning: Accessing non-existent property 'count' of module exports inside circular dependency
    at emitCircularRequireWarning (node:internal/modules/cjs/loader:755:11)
    at Object.get (node:internal/modules/cjs/loader:771:5)
    at Object.<anonymous> (/Users/davidoluwasusi/msc_project/tersect-browser/dist/node_modules/mongodb/lib/operations/db_ops.js:16:42)
    at Module._compile (node:internal/modules/cjs/loader:1159:14)
    at Module._extensions..js (node:internal/modules/cjs/loader:1213:10)
    at Module.load (node:internal/modules/cjs/loader:1037:32)
    at Module._load (node:internal/modules/cjs/loader:878:12)
    at Module.require (node:internal/modules/cjs/loader:1061:19)
    at require (node:internal/modules/cjs/helpers:103:18)
    at Object.<anonymous> (/Users/davidoluwasusi/msc_project/tersect-browser/dist/node_modules/mongodb/lib/operations/collection_ops.js:5:23)
(node:16685) Warning: Accessing non-existent property 'findOne' of module exports inside circular dependency
    at emitCircularRequireWarning (node:internal/modules/cjs/loader:755:11)
    at Object.get (node:internal/modules/cjs/loader:771:5)
    at Object.<anonymous> (/Users/davidoluwasusi/msc_project/tersect-browser/dist/node_modules/mongodb/lib/operations/db_ops.js:17:44)
    at Module._compile (node:internal/modules/cjs/loader:1159:14)
    at Module._extensions..js (node:internal/modules/cjs/loader:1213:10)
    at Module.load (node:internal/modules/cjs/loader:1037:32)
    at Module._load (node:internal/modules/cjs/loader:878:12)
    at Module.require (node:internal/modules/cjs/loader:1061:19)
    at require (node:internal/modules/cjs/helpers:103:18)
    at Object.<anonymous> (/Users/davidoluwasusi/msc_project/tersect-browser/dist/node_modules/mongodb/lib/operations/collection_ops.js:5:23)
(node:16685) Warning: Accessing non-existent property 'remove' of module exports inside circular dependency
    at emitCircularRequireWarning (node:internal/modules/cjs/loader:755:11)
    at Object.get (node:internal/modules/cjs/loader:771:5)
    at Object.<anonymous> (/Users/davidoluwasusi/msc_project/tersect-browser/dist/node_modules/mongodb/lib/operations/db_ops.js:18:43)
    at Module._compile (node:internal/modules/cjs/loader:1159:14)
    at Module._extensions..js (node:internal/modules/cjs/loader:1213:10)
    at Module.load (node:internal/modules/cjs/loader:1037:32)
    at Module._load (node:internal/modules/cjs/loader:878:12)
    at Module.require (node:internal/modules/cjs/loader:1061:19)
    at require (node:internal/modules/cjs/helpers:103:18)
    at Object.<anonymous> (/Users/davidoluwasusi/msc_project/tersect-browser/dist/node_modules/mongodb/lib/operations/collection_ops.js:5:23)
(node:16685) Warning: Accessing non-existent property 'updateOne' of module exports inside circular dependency
    at emitCircularRequireWarning (node:internal/modules/cjs/loader:755:11)
    at Object.get (node:internal/modules/cjs/loader:771:5)
    at Object.<anonymous> (/Users/davidoluwasusi/msc_project/tersect-browser/dist/node_modules/mongodb/lib/operations/db_ops.js:19:46)
    at Module._compile (node:internal/modules/cjs/loader:1159:14)
    at Module._extensions..js (node:internal/modules/cjs/loader:1213:10)
    at Module.load (node:internal/modules/cjs/loader:1037:32)
    at Module._load (node:internal/modules/cjs/loader:878:12)
    at Module.require (node:internal/modules/cjs/loader:1061:19)
    at require (node:internal/modules/cjs/helpers:103:18)
    at Object.<anonymous> (/Users/davidoluwasusi/msc_project/tersect-browser/dist/node_modules/mongodb/lib/operations/collection_ops.js:5:23)
Server started on port 4300
/Users/davidoluwasusi/msc_project/tersect-browser/dist/node_modules/mongodb/lib/core/sdam/topology.js:878
        new MongoTimeoutError(
        ^

MongoTimeoutError: Server selection timed out after 2000 ms
    at Timeout.<anonymous> [90m(/Users/davidoluwasusi/msc_project/tersect-browser/[39mdist/node_modules/[4mmongodb[24m/lib/core/sdam/topology.js:878:9[90m)[39m
[90m    at listOnTimeout (node:internal/timers:564:17)[39m
[90m    at process.processTimers (node:internal/timers:507:7)[39m {
  reason: Error: connect ECONNREFUSED 127.0.0.1:27017
  [90m    at TCPConnectWrap.afterConnect [as oncomplete] (node:net:1284:16)[39m {
    name: [32m'MongoNetworkError'[39m,
    errorLabels: [ [32m'TransientTransactionError'[39m ],
    [[32mSymbol(mongoErrorContextSymbol)[39m]: {}
  },
  [[32mSymbol(mongoErrorContextSymbol)[39m]: {}
}

Node.js v19.0.1
[1G[0K⠙[1G[0K
